# JRE version: Java(TM) SE Runtime Environment (19.0.2+7) (build 19.0.2+7-44)
# Java VM: Java HotSpot(TM) 64-Bit Server VM (19.0.2+7-44, mixed mode, sharing, tiered, compressed oops, compressed class ptrs, g1 gc, windows-amd64)
GC Precious Log:
 CardTable entry size: 512
 Card Set container configuration: InlinePtr #cards 5 size 8 Array Of Cards #cards 12 size 40 Howl #buckets 4 coarsen threshold 1843 Howl Bitmap #cards 512 size 80 coarsen threshold 460 Card regions per heap region 1 cards per card region 2048
 CPUs: 4 total, 4 available
 Memory: 4007M
 Large Page Support: Disabled
 NUMA Support: Disabled
 Compressed Oops: Enabled (32-bit)
 Heap Region Size: 1M
 Heap Min Capacity: 8M
 Heap Initial Capacity: 64M
 Heap Max Capacity: 1002M
 Pre-touch: Disabled
 Parallel Workers: 4
 Concurrent Workers: 1
 Concurrent Refinement Workers: 4
 Periodic GC: Disabled
Heap:
 garbage-first heap   total 81920K, used 55993K [0x00000000c1600000, 0x0000000100000000)
  region size 1024K, 9 young (9216K), 3 survivors (3072K)
 Metaspace       used 54791K, committed 55232K, reserved 1114112K
  class space    used 7208K, committed 7424K, reserved 1048576K
GC Heap History (20 events):
Event: 10.469 GC heap before
{Heap before GC invocations=6 (full 0):
 garbage-first heap   total 58368K, used 18606K [0x00000000c1600000, 0x0000000100000000)
  region size 1024K, 6 young (6144K), 5 survivors (5120K)
 Metaspace       used 35183K, committed 35520K, reserved 1114112K
  class space    used 4394K, committed 4544K, reserved 1048576K
}
Event: 10.483 GC heap after
{Heap after GC invocations=7 (full 0):
 garbage-first heap   total 58368K, used 17953K [0x00000000c1600000, 0x0000000100000000)
  region size 1024K, 1 young (1024K), 1 survivors (1024K)
 Metaspace       used 35183K, committed 35520K, reserved 1114112K
  class space    used 4394K, committed 4544K, reserved 1048576K
}
Event: 10.756 GC heap before
{Heap before GC invocations=7 (full 0):
 garbage-first heap   total 58368K, used 20001K [0x00000000c1600000, 0x0000000100000000)
  region size 1024K, 4 young (4096K), 1 survivors (1024K)
 Metaspace       used 35798K, committed 36096K, reserved 1114112K
  class space    used 4473K, committed 4608K, reserved 1048576K
}
Event: 10.761 GC heap after
{Heap after GC invocations=8 (full 0):
 garbage-first heap   total 58368K, used 17484K [0x00000000c1600000, 0x0000000100000000)
  region size 1024K, 1 young (1024K), 1 survivors (1024K)
 Metaspace       used 35798K, committed 36096K, reserved 1114112K
  class space    used 4473K, committed 4608K, reserved 1048576K
}
Event: 15.689 GC heap before
{Heap before GC invocations=9 (full 0):
 garbage-first heap   total 58368K, used 43084K [0x00000000c1600000, 0x0000000100000000)
  region size 1024K, 26 young (26624K), 1 survivors (1024K)
 Metaspace       used 41788K, committed 42112K, reserved 1114112K
  class space    used 5325K, committed 5504K, reserved 1048576K
}
Event: 15.694 GC heap after
{Heap after GC invocations=10 (full 0):
 garbage-first heap   total 58368K, used 18568K [0x00000000c1600000, 0x0000000100000000)
  region size 1024K, 2 young (2048K), 2 survivors (2048K)
 Metaspace       used 41788K, committed 42112K, reserved 1114112K
  class space    used 5325K, committed 5504K, reserved 1048576K
}
Event: 18.429 GC heap before
{Heap before GC invocations=10 (full 0):
 garbage-first heap   total 58368K, used 19592K [0x00000000c1600000, 0x0000000100000000)
  region size 1024K, 3 young (3072K), 2 survivors (2048K)
 Metaspace       used 41975K, committed 42304K, reserved 1114112K
  class space    used 5333K, committed 5504K, reserved 1048576K
}
Event: 18.433 GC heap after
{Heap after GC invocations=11 (full 0):
 garbage-first heap   total 58368K, used 18533K [0x00000000c1600000, 0x0000000100000000)
  region size 1024K, 1 young (1024K), 1 survivors (1024K)
 Metaspace       used 41975K, committed 42304K, reserved 1114112K
  class space    used 5333K, committed 5504K, reserved 1048576K
}
Event: 23.752 GC heap before
{Heap before GC invocations=11 (full 0):
 garbage-first heap   total 58368K, used 45157K [0x00000000c1600000, 0x0000000100000000)
  region size 1024K, 26 young (26624K), 1 survivors (1024K)
 Metaspace       used 49390K, committed 49792K, reserved 1114112K
  class space    used 6314K, committed 6528K, reserved 1048576K
}
Event: 23.756 GC heap after
{Heap after GC invocations=12 (full 0):
 garbage-first heap   total 58368K, used 22379K [0x00000000c1600000, 0x0000000100000000)
  region size 1024K, 2 young (2048K), 2 survivors (2048K)
 Metaspace       used 49390K, committed 49792K, reserved 1114112K
  class space    used 6314K, committed 6528K, reserved 1048576K
}
Event: 23.900 GC heap before
{Heap before GC invocations=12 (full 0):
 garbage-first heap   total 58368K, used 29547K [0x00000000c1600000, 0x0000000100000000)
  region size 1024K, 5 young (5120K), 2 survivors (2048K)
 Metaspace       used 49903K, committed 50368K, reserved 1114112K
  class space    used 6442K, committed 6656K, reserved 1048576K
}
Event: 23.905 GC heap after
{Heap after GC invocations=13 (full 0):
 garbage-first heap   total 58368K, used 27862K [0x00000000c1600000, 0x0000000100000000)
  region size 1024K, 3 young (3072K), 3 survivors (3072K)
 Metaspace       used 49903K, committed 50368K, reserved 1114112K
  class space    used 6442K, committed 6656K, reserved 1048576K
}
Event: 23.934 GC heap before
{Heap before GC invocations=13 (full 0):
 garbage-first heap   total 58368K, used 29910K [0x00000000c1600000, 0x0000000100000000)
  region size 1024K, 4 young (4096K), 3 survivors (3072K)
 Metaspace       used 49928K, committed 50368K, reserved 1114112K
  class space    used 6442K, committed 6656K, reserved 1048576K
}
Event: 23.939 GC heap after
{Heap after GC invocations=14 (full 0):
 garbage-first heap   total 70656K, used 30000K [0x00000000c1600000, 0x0000000100000000)
  region size 1024K, 1 young (1024K), 1 survivors (1024K)
 Metaspace       used 49928K, committed 50368K, reserved 1114112K
  class space    used 6442K, committed 6656K, reserved 1048576K
}
Event: 23.964 GC heap before
{Heap before GC invocations=14 (full 0):
 garbage-first heap   total 70656K, used 33072K [0x00000000c1600000, 0x0000000100000000)
  region size 1024K, 2 young (2048K), 1 survivors (1024K)
 Metaspace       used 49945K, committed 50368K, reserved 1114112K
  class space    used 6442K, committed 6656K, reserved 1048576K
}
Event: 23.967 GC heap after
{Heap after GC invocations=15 (full 0):
 garbage-first heap   total 70656K, used 33046K [0x00000000c1600000, 0x0000000100000000)
  region size 1024K, 1 young (1024K), 1 survivors (1024K)
 Metaspace       used 49945K, committed 50368K, reserved 1114112K
  class space    used 6442K, committed 6656K, reserved 1048576K
}
Event: 27.863 GC heap before
{Heap before GC invocations=16 (full 0):
 garbage-first heap   total 70656K, used 57622K [0x00000000c1600000, 0x0000000100000000)
  region size 1024K, 24 young (24576K), 1 survivors (1024K)
 Metaspace       used 53666K, committed 54144K, reserved 1114112K
  class space    used 7189K, committed 7424K, reserved 1048576K
}
Event: 27.870 GC heap after
{Heap after GC invocations=17 (full 0):
 garbage-first heap   total 70656K, used 37852K [0x00000000c1600000, 0x0000000100000000)
  region size 1024K, 4 young (4096K), 4 survivors (4096K)
 Metaspace       used 53666K, committed 54144K, reserved 1114112K
  class space    used 7189K, committed 7424K, reserved 1048576K
}
Event: 36.400 GC heap before
{Heap before GC invocations=18 (full 0):
 garbage-first heap   total 81920K, used 65500K [0x00000000c1600000, 0x0000000100000000)
  region size 1024K, 22 young (22528K), 4 survivors (4096K)
 Metaspace       used 54539K, committed 54976K, reserved 1114112K
  class space    used 7205K, committed 7424K, reserved 1048576K
}
Event: 36.413 GC heap after
{Heap after GC invocations=19 (full 0):
 garbage-first heap   total 81920K, used 50873K [0x00000000c1600000, 0x0000000100000000)
  region size 1024K, 3 young (3072K), 3 survivors (3072K)
 Metaspace       used 54539K, committed 54976K, reserved 1114112K
  class space    used 7205K, committed 7424K, reserved 1048576K
}

