# JRE version: Java(TM) SE Runtime Environment (19.0.2+7) (build 19.0.2+7-44)
# Java VM: Java HotSpot(TM) 64-Bit Server VM (19.0.2+7-44, mixed mode, sharing, tiered, compressed oops, compressed class ptrs, g1 gc, windows-amd64)
GC Precious Log:
 CardTable entry size: 512
 Card Set container configuration: InlinePtr #cards 5 size 8 Array Of Cards #cards 12 size 40 Howl #buckets 4 coarsen threshold 1843 Howl Bitmap #cards 512 size 80 coarsen threshold 460 Card regions per heap region 1 cards per card region 2048
 CPUs: 4 total, 4 available
 Memory: 4007M
 Large Page Support: Disabled
 NUMA Support: Disabled
 Compressed Oops: Enabled (32-bit)
 Heap Region Size: 1M
 Heap Min Capacity: 8M
 Heap Initial Capacity: 64M
 Heap Max Capacity: 1002M
 Pre-touch: Disabled
 Parallel Workers: 4
 Concurrent Workers: 1
 Concurrent Refinement Workers: 4
 Periodic GC: Disabled
Heap:
 garbage-first heap   total 121856K, used 88076K [0x00000000c1600000, 0x0000000100000000)
  region size 1024K, 4 young (4096K), 1 survivors (1024K)
 Metaspace       used 55371K, committed 55872K, reserved 1114112K
  class space    used 7260K, committed 7488K, reserved 1048576K
GC Heap History (20 events):
Event: 19.997 GC heap before
{Heap before GC invocations=10 (full 0):
 garbage-first heap   total 55296K, used 42964K [0x00000000c1600000, 0x0000000100000000)
  region size 1024K, 24 young (24576K), 1 survivors (1024K)
 Metaspace       used 48665K, committed 49024K, reserved 1114112K
  class space    used 6225K, committed 6400K, reserved 1048576K
}
Event: 20.002 GC heap after
{Heap after GC invocations=11 (full 0):
 garbage-first heap   total 55296K, used 22001K [0x00000000c1600000, 0x0000000100000000)
  region size 1024K, 2 young (2048K), 2 survivors (2048K)
 Metaspace       used 48665K, committed 49024K, reserved 1114112K
  class space    used 6225K, committed 6400K, reserved 1048576K
}
Event: 22.154 GC heap before
{Heap before GC invocations=11 (full 0):
 garbage-first heap   total 55296K, used 28145K [0x00000000c1600000, 0x0000000100000000)
  region size 1024K, 5 young (5120K), 2 survivors (2048K)
 Metaspace       used 49330K, committed 49728K, reserved 1114112K
  class space    used 6337K, committed 6528K, reserved 1048576K
}
Event: 22.159 GC heap after
{Heap after GC invocations=12 (full 0):
 garbage-first heap   total 55296K, used 26375K [0x00000000c1600000, 0x0000000100000000)
  region size 1024K, 1 young (1024K), 1 survivors (1024K)
 Metaspace       used 49330K, committed 49728K, reserved 1114112K
  class space    used 6337K, committed 6528K, reserved 1048576K
}
Event: 22.243 GC heap before
{Heap before GC invocations=13 (full 0):
 garbage-first heap   total 56320K, used 31495K [0x00000000c1600000, 0x0000000100000000)
  region size 1024K, 2 young (2048K), 1 survivors (1024K)
 Metaspace       used 49467K, committed 49920K, reserved 1114112K
  class space    used 6380K, committed 6592K, reserved 1048576K
}
Event: 22.245 GC heap after
{Heap after GC invocations=14 (full 0):
 garbage-first heap   total 56320K, used 31629K [0x00000000c1600000, 0x0000000100000000)
  region size 1024K, 1 young (1024K), 1 survivors (1024K)
 Metaspace       used 49467K, committed 49920K, reserved 1114112K
  class space    used 6380K, committed 6592K, reserved 1048576K
}
Event: 22.844 GC heap before
{Heap before GC invocations=15 (full 0):
 garbage-first heap   total 70656K, used 52109K [0x00000000c1600000, 0x0000000100000000)
  region size 1024K, 13 young (13312K), 1 survivors (1024K)
 Metaspace       used 51986K, committed 52416K, reserved 1114112K
  class space    used 6977K, committed 7168K, reserved 1048576K
}
Event: 22.850 GC heap after
{Heap after GC invocations=16 (full 0):
 garbage-first heap   total 70656K, used 40888K [0x00000000c1600000, 0x0000000100000000)
  region size 1024K, 2 young (2048K), 2 survivors (2048K)
 Metaspace       used 51986K, committed 52416K, reserved 1114112K
  class space    used 6977K, committed 7168K, reserved 1048576K
}
Event: 24.862 GC heap before
{Heap before GC invocations=16 (full 0):
 garbage-first heap   total 70656K, used 51128K [0x00000000c1600000, 0x0000000100000000)
  region size 1024K, 13 young (13312K), 2 survivors (2048K)
 Metaspace       used 52869K, committed 53312K, reserved 1114112K
  class space    used 7016K, committed 7232K, reserved 1048576K
}
Event: 24.872 GC heap after
{Heap after GC invocations=17 (full 0):
 garbage-first heap   total 70656K, used 44080K [0x00000000c1600000, 0x0000000100000000)
  region size 1024K, 3 young (3072K), 3 survivors (3072K)
 Metaspace       used 52869K, committed 53312K, reserved 1114112K
  class space    used 7016K, committed 7232K, reserved 1048576K
}
Event: 29.239 GC heap before
{Heap before GC invocations=18 (full 0):
 garbage-first heap   total 80896K, used 49200K [0x00000000c1600000, 0x0000000100000000)
  region size 1024K, 7 young (7168K), 3 survivors (3072K)
 Metaspace       used 53371K, committed 53824K, reserved 1114112K
  class space    used 7074K, committed 7296K, reserved 1048576K
}
Event: 29.245 GC heap after
{Heap after GC invocations=19 (full 0):
 garbage-first heap   total 80896K, used 46609K [0x00000000c1600000, 0x0000000100000000)
  region size 1024K, 1 young (1024K), 1 survivors (1024K)
 Metaspace       used 53371K, committed 53824K, reserved 1114112K
  class space    used 7074K, committed 7296K, reserved 1048576K
}
Event: 33.024 GC heap before
{Heap before GC invocations=20 (full 0):
 garbage-first heap   total 97280K, used 74257K [0x00000000c1600000, 0x0000000100000000)
  region size 1024K, 17 young (17408K), 1 survivors (1024K)
 Metaspace       used 54565K, committed 54976K, reserved 1114112K
  class space    used 7244K, committed 7424K, reserved 1048576K
}
Event: 33.032 GC heap after
{Heap after GC invocations=21 (full 0):
 garbage-first heap   total 97280K, used 61756K [0x00000000c1600000, 0x0000000100000000)
  region size 1024K, 3 young (3072K), 3 survivors (3072K)
 Metaspace       used 54565K, committed 54976K, reserved 1114112K
  class space    used 7244K, committed 7424K, reserved 1048576K
}
Event: 40.151 GC heap before
{Heap before GC invocations=21 (full 0):
 garbage-first heap   total 97280K, used 66876K [0x00000000c1600000, 0x0000000100000000)
  region size 1024K, 9 young (9216K), 3 survivors (3072K)
 Metaspace       used 54966K, committed 55424K, reserved 1114112K
  class space    used 7252K, committed 7488K, reserved 1048576K
}
Event: 40.158 GC heap after
{Heap after GC invocations=22 (full 0):
 garbage-first heap   total 97280K, used 62258K [0x00000000c1600000, 0x0000000100000000)
  region size 1024K, 1 young (1024K), 1 survivors (1024K)
 Metaspace       used 54966K, committed 55424K, reserved 1114112K
  class space    used 7252K, committed 7488K, reserved 1048576K
}
Event: 45.538 GC heap before
{Heap before GC invocations=23 (full 0):
 garbage-first heap   total 121856K, used 98098K [0x00000000c1600000, 0x0000000100000000)
  region size 1024K, 17 young (17408K), 1 survivors (1024K)
 Metaspace       used 55270K, committed 55744K, reserved 1114112K
  class space    used 7255K, committed 7488K, reserved 1048576K
}
Event: 45.547 GC heap after
{Heap after GC invocations=24 (full 0):
 garbage-first heap   total 121856K, used 85736K [0x00000000c1600000, 0x0000000100000000)
  region size 1024K, 3 young (3072K), 3 survivors (3072K)
 Metaspace       used 55270K, committed 55744K, reserved 1114112K
  class space    used 7255K, committed 7488K, reserved 1048576K
}
Event: 47.956 GC heap before
{Heap before GC invocations=24 (full 0):
 garbage-first heap   total 121856K, used 87784K [0x00000000c1600000, 0x0000000100000000)
  region size 1024K, 5 young (5120K), 3 survivors (3072K)
 Metaspace       used 55331K, committed 55744K, reserved 1114112K
  class space    used 7260K, committed 7488K, reserved 1048576K
}
Event: 47.963 GC heap after
{Heap after GC invocations=25 (full 0):
 garbage-first heap   total 121856K, used 86028K [0x00000000c1600000, 0x0000000100000000)
  region size 1024K, 1 young (1024K), 1 survivors (1024K)
 Metaspace       used 55331K, committed 55744K, reserved 1114112K
  class space    used 7260K, committed 7488K, reserved 1048576K
}

